ERROR - 2023-09-15 01:24:42 --> Column 'level' cannot be null
CRITICAL - 2023-09-15 03:09:15 --> syntax error, unexpected '$column' (T_VARIABLE)
#0 C:\xampp\htdocs\pegawai\system\Autoloader\Autoloader.php(241): CodeIgniter\Autoloader\Autoloader->includeFile('C:\\xampp\\htdocs...')
#1 C:\xampp\htdocs\pegawai\system\Autoloader\Autoloader.php(219): CodeIgniter\Autoloader\Autoloader->loadInNamespace('App\\Controllers...')
#2 [internal function]: CodeIgniter\Autoloader\Autoloader->loadClass('App\\Controllers...')
#3 [internal function]: spl_autoload_call('App\\Controllers...')
#4 C:\xampp\htdocs\pegawai\system\CodeIgniter.php(797): class_exists('\\App\\Controller...', true)
#5 C:\xampp\htdocs\pegawai\system\CodeIgniter.php(406): CodeIgniter\CodeIgniter->startController()
#6 C:\xampp\htdocs\pegawai\system\CodeIgniter.php(326): CodeIgniter\CodeIgniter->handleRequest(NULL, Object(Config\Cache), false)
#7 C:\xampp\htdocs\pegawai\public\index.php(37): CodeIgniter\CodeIgniter->run()
#8 C:\xampp\htdocs\pegawai\system\Commands\Server\rewrite.php(43): require_once('C:\\xampp\\htdocs...')
#9 {main}
ERROR - 2023-09-15 03:18:17 --> Unknown column 'tanggal_perjalanan' in 'where clause'
CRITICAL - 2023-09-15 03:18:17 --> Call to a member function getResult() on bool
#0 C:\xampp\htdocs\pegawai\app\Controllers\Home.php(603): App\Models\M_model->filter('pengajian', '2023-09-15', '')
#1 C:\xampp\htdocs\pegawai\system\CodeIgniter.php(832): App\Controllers\Home->cari_pengajian()
#2 C:\xampp\htdocs\pegawai\system\CodeIgniter.php(419): CodeIgniter\CodeIgniter->runController(Object(App\Controllers\Home))
#3 C:\xampp\htdocs\pegawai\system\CodeIgniter.php(326): CodeIgniter\CodeIgniter->handleRequest(NULL, Object(Config\Cache), false)
#4 C:\xampp\htdocs\pegawai\public\index.php(37): CodeIgniter\CodeIgniter->run()
#5 C:\xampp\htdocs\pegawai\system\Commands\Server\rewrite.php(43): require_once('C:\\xampp\\htdocs...')
#6 {main}
ERROR - 2023-09-15 03:21:45 --> Unknown column 'tanggal_perjalanan' in 'where clause'
CRITICAL - 2023-09-15 03:21:45 --> Call to a member function getResult() on bool
#0 C:\xampp\htdocs\pegawai\app\Controllers\Home.php(603): App\Models\M_model->filter('pengajian', '2023-09-15', '')
#1 C:\xampp\htdocs\pegawai\system\CodeIgniter.php(832): App\Controllers\Home->cari_pengajian()
#2 C:\xampp\htdocs\pegawai\system\CodeIgniter.php(419): CodeIgniter\CodeIgniter->runController(Object(App\Controllers\Home))
#3 C:\xampp\htdocs\pegawai\system\CodeIgniter.php(326): CodeIgniter\CodeIgniter->handleRequest(NULL, Object(Config\Cache), false)
#4 C:\xampp\htdocs\pegawai\public\index.php(37): CodeIgniter\CodeIgniter->run()
#5 C:\xampp\htdocs\pegawai\system\Commands\Server\rewrite.php(43): require_once('C:\\xampp\\htdocs...')
#6 {main}
CRITICAL - 2023-09-15 03:24:15 --> file_get_contents(C:\xampp\htdocs\pengajian\public\assets\KOP_PH.jpg): failed to open stream: No such file or directory
#0 [internal function]: CodeIgniter\Debug\Exceptions->errorHandler(2, 'file_get_conten...', 'C:\\xampp\\htdocs...', 605, Array)
#1 C:\xampp\htdocs\pegawai\app\Controllers\Home.php(605): file_get_contents('C:\\xampp\\htdocs...')
#2 C:\xampp\htdocs\pegawai\system\CodeIgniter.php(832): App\Controllers\Home->cari_pengajian()
#3 C:\xampp\htdocs\pegawai\system\CodeIgniter.php(419): CodeIgniter\CodeIgniter->runController(Object(App\Controllers\Home))
#4 C:\xampp\htdocs\pegawai\system\CodeIgniter.php(326): CodeIgniter\CodeIgniter->handleRequest(NULL, Object(Config\Cache), false)
#5 C:\xampp\htdocs\pegawai\public\index.php(37): CodeIgniter\CodeIgniter->run()
#6 C:\xampp\htdocs\pegawai\system\Commands\Server\rewrite.php(43): require_once('C:\\xampp\\htdocs...')
#7 {main}
