CRITICAL - 2023-09-04 05:40:29 --> Cannot redeclare App\Models\M_model::filter()
#0 [internal function]: CodeIgniter\Debug\Exceptions->shutdownHandler()
#1 {main}
CRITICAL - 2023-09-04 05:42:21 --> Cannot redeclare App\Models\M_model::filter()
#0 [internal function]: CodeIgniter\Debug\Exceptions->shutdownHandler()
#1 {main}
CRITICAL - 2023-09-04 05:43:49 --> syntax error, unexpected '}', expecting end of file
#0 C:\xampp\htdocs\perjalanan\system\View\View.php(213): CodeIgniter\View\View->CodeIgniter\View\{closure}()
#1 C:\xampp\htdocs\perjalanan\system\Common.php(1089): CodeIgniter\View\View->render('c_p', Array, true)
#2 C:\xampp\htdocs\perjalanan\app\Controllers\Home.php(309): view('c_p', Array)
#3 C:\xampp\htdocs\perjalanan\system\CodeIgniter.php(832): App\Controllers\Home->cari_pencatatan()
#4 C:\xampp\htdocs\perjalanan\system\CodeIgniter.php(419): CodeIgniter\CodeIgniter->runController(Object(App\Controllers\Home))
#5 C:\xampp\htdocs\perjalanan\system\CodeIgniter.php(326): CodeIgniter\CodeIgniter->handleRequest(NULL, Object(Config\Cache), false)
#6 C:\xampp\htdocs\perjalanan\public\index.php(37): CodeIgniter\CodeIgniter->run()
#7 C:\xampp\htdocs\perjalanan\system\Commands\Server\rewrite.php(43): require_once('C:\\xampp\\htdocs...')
#8 {main}
CRITICAL - 2023-09-04 05:45:18 --> You must set the database table to be used with your query.
#0 C:\xampp\htdocs\perjalanan\system\Model.php(545): CodeIgniter\Database\BaseConnection->table(NULL)
#1 C:\xampp\htdocs\perjalanan\system\Model.php(722): CodeIgniter\Model->builder()
#2 C:\xampp\htdocs\perjalanan\app\Controllers\Home.php(322): CodeIgniter\Model->__call('filter_invoice', Array)
#3 C:\xampp\htdocs\perjalanan\system\CodeIgniter.php(832): App\Controllers\Home->pdf_pencatatan()
#4 C:\xampp\htdocs\perjalanan\system\CodeIgniter.php(419): CodeIgniter\CodeIgniter->runController(Object(App\Controllers\Home))
#5 C:\xampp\htdocs\perjalanan\system\CodeIgniter.php(326): CodeIgniter\CodeIgniter->handleRequest(NULL, Object(Config\Cache), false)
#6 C:\xampp\htdocs\perjalanan\public\index.php(37): CodeIgniter\CodeIgniter->run()
#7 C:\xampp\htdocs\perjalanan\system\Commands\Server\rewrite.php(43): require_once('C:\\xampp\\htdocs...')
#8 {main}
CRITICAL - 2023-09-04 05:45:54 --> Class 'Dompdf\Dompdf' not found
#0 C:\xampp\htdocs\perjalanan\system\CodeIgniter.php(832): App\Controllers\Home->pdf_pencatatan()
#1 C:\xampp\htdocs\perjalanan\system\CodeIgniter.php(419): CodeIgniter\CodeIgniter->runController(Object(App\Controllers\Home))
#2 C:\xampp\htdocs\perjalanan\system\CodeIgniter.php(326): CodeIgniter\CodeIgniter->handleRequest(NULL, Object(Config\Cache), false)
#3 C:\xampp\htdocs\perjalanan\public\index.php(37): CodeIgniter\CodeIgniter->run()
#4 C:\xampp\htdocs\perjalanan\system\Commands\Server\rewrite.php(43): require_once('C:\\xampp\\htdocs...')
#5 {main}
CRITICAL - 2023-09-04 05:52:04 --> syntax error, unexpected '$writer' (T_VARIABLE), expecting function (T_FUNCTION) or const (T_CONST)
#0 C:\xampp\htdocs\perjalanan\system\Router\Router.php(175): CodeIgniter\Router\Router->autoRoute('home/excel_penc...')
#1 C:\xampp\htdocs\perjalanan\system\CodeIgniter.php(726): CodeIgniter\Router\Router->handle('home/excel_penc...')
#2 C:\xampp\htdocs\perjalanan\system\CodeIgniter.php(368): CodeIgniter\CodeIgniter->tryToRouteIt(Object(CodeIgniter\Router\RouteCollection))
#3 C:\xampp\htdocs\perjalanan\system\CodeIgniter.php(326): CodeIgniter\CodeIgniter->handleRequest(NULL, Object(Config\Cache), false)
#4 C:\xampp\htdocs\perjalanan\public\index.php(37): CodeIgniter\CodeIgniter->run()
#5 C:\xampp\htdocs\perjalanan\system\Commands\Server\rewrite.php(43): require_once('C:\\xampp\\htdocs...')
#6 {main}
ERROR - 2023-09-04 06:10:06 --> Unknown column 'password' in 'field list'
CRITICAL - 2023-09-04 20:52:46 --> Cannot redeclare App\Controllers\Home::aksi_tambah_pengguna()
#0 [internal function]: CodeIgniter\Debug\Exceptions->shutdownHandler()
#1 {main}
ERROR - 2023-09-04 20:53:36 --> Column 'nama' cannot be null
