CRITICAL - 2023-08-30 05:51:55 --> You must set the database table to be used with your query.
#0 C:\xampp\htdocs\perjalanan\system\Model.php(545): CodeIgniter\Database\BaseConnection->table(NULL)
#1 C:\xampp\htdocs\perjalanan\system\Model.php(722): CodeIgniter\Model->builder()
#2 C:\xampp\htdocs\perjalanan\app\Controllers\Home.php(160): CodeIgniter\Model->__call('qedit', Array)
#3 C:\xampp\htdocs\perjalanan\system\CodeIgniter.php(832): App\Controllers\Home->aksi_edit_pengguna()
#4 C:\xampp\htdocs\perjalanan\system\CodeIgniter.php(419): CodeIgniter\CodeIgniter->runController(Object(App\Controllers\Home))
#5 C:\xampp\htdocs\perjalanan\system\CodeIgniter.php(326): CodeIgniter\CodeIgniter->handleRequest(NULL, Object(Config\Cache), false)
#6 C:\xampp\htdocs\perjalanan\public\index.php(37): CodeIgniter\CodeIgniter->run()
#7 C:\xampp\htdocs\perjalanan\system\Commands\Server\rewrite.php(43): require_once('C:\\xampp\\htdocs...')
#8 {main}
ERROR - 2023-08-30 06:09:31 --> Column 'alamat' cannot be null
CRITICAL - 2023-08-30 06:25:53 --> Cannot redeclare App\Controllers\Home::aksi_tambah_pengguna()
#0 [internal function]: CodeIgniter\Debug\Exceptions->shutdownHandler()
#1 {main}
ERROR - 2023-08-30 06:29:00 --> Unknown column 'tujuan' in 'field list'
ERROR - 2023-08-30 07:08:09 --> Unknown column 'tujuan' in 'field list'
ERROR - 2023-08-30 07:10:37 --> Unknown column 'tujuan' in 'field list'
CRITICAL - 2023-08-30 07:24:12 --> You must set the database table to be used with your query.
#0 C:\xampp\htdocs\perjalanan\system\Model.php(545): CodeIgniter\Database\BaseConnection->table(NULL)
#1 C:\xampp\htdocs\perjalanan\system\Model.php(722): CodeIgniter\Model->builder()
#2 C:\xampp\htdocs\perjalanan\app\Controllers\Home.php(168): CodeIgniter\Model->__call('qedit', Array)
#3 C:\xampp\htdocs\perjalanan\system\CodeIgniter.php(832): App\Controllers\Home->aksi_edit_pengguna()
#4 C:\xampp\htdocs\perjalanan\system\CodeIgniter.php(419): CodeIgniter\CodeIgniter->runController(Object(App\Controllers\Home))
#5 C:\xampp\htdocs\perjalanan\system\CodeIgniter.php(326): CodeIgniter\CodeIgniter->handleRequest(NULL, Object(Config\Cache), false)
#6 C:\xampp\htdocs\perjalanan\public\index.php(37): CodeIgniter\CodeIgniter->run()
#7 C:\xampp\htdocs\perjalanan\system\Commands\Server\rewrite.php(43): require_once('C:\\xampp\\htdocs...')
#8 {main}
CRITICAL - 2023-08-30 07:25:41 --> You must set the database table to be used with your query.
#0 C:\xampp\htdocs\perjalanan\system\Model.php(545): CodeIgniter\Database\BaseConnection->table(NULL)
#1 C:\xampp\htdocs\perjalanan\system\Model.php(722): CodeIgniter\Model->builder()
#2 C:\xampp\htdocs\perjalanan\app\Controllers\Home.php(168): CodeIgniter\Model->__call('qedit', Array)
#3 C:\xampp\htdocs\perjalanan\system\CodeIgniter.php(832): App\Controllers\Home->aksi_edit_pengguna()
#4 C:\xampp\htdocs\perjalanan\system\CodeIgniter.php(419): CodeIgniter\CodeIgniter->runController(Object(App\Controllers\Home))
#5 C:\xampp\htdocs\perjalanan\system\CodeIgniter.php(326): CodeIgniter\CodeIgniter->handleRequest(NULL, Object(Config\Cache), false)
#6 C:\xampp\htdocs\perjalanan\public\index.php(37): CodeIgniter\CodeIgniter->run()
#7 C:\xampp\htdocs\perjalanan\system\Commands\Server\rewrite.php(43): require_once('C:\\xampp\\htdocs...')
#8 {main}
CRITICAL - 2023-08-30 21:13:22 --> syntax error, unexpected end of file
#0 C:\xampp\htdocs\perjalanan\system\View\View.php(213): CodeIgniter\View\View->CodeIgniter\View\{closure}()
#1 C:\xampp\htdocs\perjalanan\system\Common.php(1089): CodeIgniter\View\View->render('menu', Array, true)
#2 C:\xampp\htdocs\perjalanan\app\Controllers\Home.php(191): view('menu')
#3 C:\xampp\htdocs\perjalanan\system\CodeIgniter.php(832): App\Controllers\Home->pencatatan()
#4 C:\xampp\htdocs\perjalanan\system\CodeIgniter.php(419): CodeIgniter\CodeIgniter->runController(Object(App\Controllers\Home))
#5 C:\xampp\htdocs\perjalanan\system\CodeIgniter.php(326): CodeIgniter\CodeIgniter->handleRequest(NULL, Object(Config\Cache), false)
#6 C:\xampp\htdocs\perjalanan\public\index.php(37): CodeIgniter\CodeIgniter->run()
#7 C:\xampp\htdocs\perjalanan\system\Commands\Server\rewrite.php(43): require_once('C:\\xampp\\htdocs...')
#8 {main}
